Date: 2023-04-09 15:49:58
Level: Error
ThreadId: 1
Server: 2BFD5187
Category: OperationStopped: (Token not valid: %L[%%4FH5LMr2){mw:String) [], RuntimeException
Message: Token not valid: %L[%%4FH5LMr2){mw
StackTrace: at <ScriptBlock>, D:\DevOps\github.com\PSAutoMic\bin\Start-PSAutoMic.ps1: line 152
at Invoke-PodeScriptBlock, C:\Program Files\PowerShell\Modules\Pode\2.8.0\Public\Utilities.ps1: line 551
at <ScriptBlock>, C:\Program Files\PowerShell\Modules\Pode\2.8.0\Private\Authentication.ps1: line 1165
at Invoke-PodeScriptBlock, C:\Program Files\PowerShell\Modules\Pode\2.8.0\Public\Utilities.ps1: line 543
at Invoke-PodeMiddleware, C:\Program Files\PowerShell\Modules\Pode\2.8.0\Private\Middleware.ps1: line 45
at <ScriptBlock>, <No file>: line 87

Date: 2023-04-09 15:54:05
Level: Error
ThreadId: 1
Server: 2BFD5187
Category: OperationStopped: (Token not valid: %L[%%4FH5LMr2){mw:String) [], RuntimeException
Message: Token not valid: %L[%%4FH5LMr2){mw
StackTrace: at <ScriptBlock>, D:\DevOps\github.com\PSAutoMic\bin\Start-PSAutoMic.ps1: line 152
at Invoke-PodeScriptBlock, C:\Program Files\PowerShell\Modules\Pode\2.8.0\Public\Utilities.ps1: line 551
at <ScriptBlock>, C:\Program Files\PowerShell\Modules\Pode\2.8.0\Private\Authentication.ps1: line 1165
at Invoke-PodeScriptBlock, C:\Program Files\PowerShell\Modules\Pode\2.8.0\Public\Utilities.ps1: line 543
at Invoke-PodeMiddleware, C:\Program Files\PowerShell\Modules\Pode\2.8.0\Private\Middleware.ps1: line 45
at <ScriptBlock>, <No file>: line 87

